<?xml version="1.0" encoding="UTF-8"?>
<testng-results skipped="0" failed="1" ignored="0" total="3" passed="2">
  <reporter-output>
  </reporter-output>
  <suite name="Suite" duration-ms="13450" started-at="2018-09-09T07:13:43Z" finished-at="2018-09-09T07:13:57Z">
    <groups>
    </groups>
    <test name="Test01" duration-ms="314" started-at="2018-09-09T07:13:43Z" finished-at="2018-09-09T07:13:44Z">
      <class name="com.accenture.tests.MyTest">
        <test-method status="FAIL" signature="RegTest()[pri:0, instance:com.accenture.tests.MyTest@36b4cef0]" name="RegTest" duration-ms="17" started-at="2018-09-09T07:13:44Z" finished-at="2018-09-09T07:13:44Z">
          <exception class="junit.framework.AssertionFailedError">
            <message>
              <![CDATA[expected:<true> but was:<false>]]>
            </message>
            <full-stacktrace>
              <![CDATA[junit.framework.AssertionFailedError: expected:<true> but was:<false>
at junit.framework.Assert.fail(Assert.java:47)
at junit.framework.Assert.failNotEquals(Assert.java:282)
at junit.framework.Assert.assertEquals(Assert.java:64)
at junit.framework.Assert.assertEquals(Assert.java:149)
at junit.framework.Assert.assertEquals(Assert.java:155)
at com.accenture.tests.MyTest.RegTest(MyTest.java:18)
at sun.reflect.NativeMethodAccessorImpl.invoke0(Native Method)
at sun.reflect.NativeMethodAccessorImpl.invoke(Unknown Source)
at sun.reflect.DelegatingMethodAccessorImpl.invoke(Unknown Source)
at java.lang.reflect.Method.invoke(Unknown Source)
at org.testng.internal.MethodInvocationHelper.invokeMethod(MethodInvocationHelper.java:124)
at org.testng.internal.Invoker.invokeMethod(Invoker.java:580)
at org.testng.internal.Invoker.invokeTestMethod(Invoker.java:716)
at org.testng.internal.Invoker.invokeTestMethods(Invoker.java:988)
at org.testng.internal.TestMethodWorker.invokeTestMethods(TestMethodWorker.java:125)
at org.testng.internal.TestMethodWorker.run(TestMethodWorker.java:109)
at org.testng.TestRunner.privateRun(TestRunner.java:648)
at org.testng.TestRunner.run(TestRunner.java:505)
at org.testng.SuiteRunner.runTest(SuiteRunner.java:455)
at org.testng.SuiteRunner.runSequentially(SuiteRunner.java:450)
at org.testng.SuiteRunner.privateRun(SuiteRunner.java:415)
at org.testng.SuiteRunner.run(SuiteRunner.java:364)
at org.testng.SuiteRunnerWorker.runSuite(SuiteRunnerWorker.java:52)
at org.testng.SuiteRunnerWorker.run(SuiteRunnerWorker.java:84)
at org.testng.TestNG.runSuitesSequentially(TestNG.java:1208)
at org.testng.TestNG.runSuitesLocally(TestNG.java:1137)
at org.testng.TestNG.runSuites(TestNG.java:1049)
at org.testng.TestNG.run(TestNG.java:1017)
at org.testng.remote.AbstractRemoteTestNG.run(AbstractRemoteTestNG.java:114)
at org.testng.remote.RemoteTestNG.initAndRun(RemoteTestNG.java:251)
at org.testng.remote.RemoteTestNG.main(RemoteTestNG.java:77)
]]>
            </full-stacktrace>
          </exception> <!-- junit.framework.AssertionFailedError -->
          <reporter-output>
          </reporter-output>
        </test-method> <!-- RegTest -->
        <test-method status="PASS" signature="loginTest()[pri:0, instance:com.accenture.tests.MyTest@36b4cef0]" name="loginTest" duration-ms="2" started-at="2018-09-09T07:13:44Z" finished-at="2018-09-09T07:13:44Z">
          <reporter-output>
          </reporter-output>
        </test-method> <!-- loginTest -->
      </class> <!-- com.accenture.tests.MyTest -->
    </test> <!-- Test01 -->
    <test name="Test02" duration-ms="13061" started-at="2018-09-09T07:13:44Z" finished-at="2018-09-09T07:13:57Z">
      <class name="com.accenture.tests.LoginTest">
        <test-method status="PASS" signature="beforeTest()[pri:0, instance:com.accenture.tests.LoginTest@612fc6eb]" name="beforeTest" is-config="true" duration-ms="6114" started-at="2018-09-09T07:13:44Z" finished-at="2018-09-09T07:13:50Z">
          <reporter-output>
          </reporter-output>
        </test-method> <!-- beforeTest -->
        <test-method status="PASS" signature="TestLogin()[pri:0, instance:com.accenture.tests.LoginTest@612fc6eb]" name="TestLogin" duration-ms="6933" started-at="2018-09-09T07:13:50Z" finished-at="2018-09-09T07:13:57Z">
          <reporter-output>
          </reporter-output>
        </test-method> <!-- TestLogin -->
      </class> <!-- com.accenture.tests.LoginTest -->
    </test> <!-- Test02 -->
  </suite> <!-- Suite -->
</testng-results>
