<?xml version="1.0" encoding="UTF-8"?>
<!-- Generated by org.testng.reporters.JUnitXMLReporter -->
<testsuite hostname="P2C-6BL6NK2" ignored="0" name="Test01" tests="2" failures="1" timestamp="09 Sep 2018 07:13:44 GMT" time="0.314" errors="0">
  <testcase name="RegTest" time="0.017" classname="com.accenture.tests.MyTest">
    <failure type="junit.framework.AssertionFailedError" message="expected:&amp;lt;true&amp;gt; but was:&amp;lt;false&amp;gt;">
      <![CDATA[junit.framework.AssertionFailedError: expected:<true> but was:<false>
at junit.framework.Assert.fail(Assert.java:47)
at junit.framework.Assert.failNotEquals(Assert.java:282)
at junit.framework.Assert.assertEquals(Assert.java:64)
at junit.framework.Assert.assertEquals(Assert.java:149)
at junit.framework.Assert.assertEquals(Assert.java:155)
at com.accenture.tests.MyTest.RegTest(MyTest.java:18)
... Removed 25 stack frames]]>
    </failure>
  </testcase> <!-- RegTest -->
  <testcase name="loginTest" time="0.002" classname="com.accenture.tests.MyTest"/>
</testsuite> <!-- Test01 -->
